
Saved to original_images.png
tensor([0.4353, 0.3774, 0.2871])
tensor([0.2851, 0.2328, 0.2579])
/home/nathan/Documents/diffusion_model_pytorch/model_building_blocks.py:86: TracerWarning: Converting a tensor to a Python boolean might cause the trace to be incorrect. We can't record the data flow of Python values, so this value will be treated as a constant in the future. This means that the trace might not generalize to other inputs!
  if self.width == x.size()[1]:
Training Started
Epoch: 1 ended, generating images...

Saved to ./output/generated_image_epoch_1.png
Epoch: 1, Loss: 0.21356657416212793
Epoch: 2 ended, generating images...

Saved to ./output/generated_image_epoch_2.png
Epoch: 2, Loss: 0.1664121387051601
Epoch: 3 ended, generating images...

Saved to ./output/generated_image_epoch_3.png
Epoch: 3, Loss: 0.15971291690480474
Epoch: 4 ended, generating images...

Saved to ./output/generated_image_epoch_4.png
Epoch: 4, Loss: 0.1558896754010051
Epoch: 5 ended, generating images...

Saved to ./output/generated_image_epoch_5.png
Epoch: 5, Loss: 0.1545866892910471
Epoch: 6 ended, generating images...

Saved to ./output/generated_image_epoch_6.png
Epoch: 6, Loss: 0.15279086270168715
Epoch: 7 ended, generating images...

Saved to ./output/generated_image_epoch_7.png
Epoch: 7, Loss: 0.15239216715973966
Epoch: 8 ended, generating images...

Saved to ./output/generated_image_epoch_8.png
Epoch: 8, Loss: 0.1522682744790526
Epoch: 9 ended, generating images...

Saved to ./output/generated_image_epoch_9.png
Epoch: 9, Loss: 0.15084142246667076
Epoch: 10 ended, generating images...

Saved to ./output/generated_image_epoch_10.png
Epoch: 10, Loss: 0.149906335624994
Epoch: 11 ended, generating images...

Saved to ./output/generated_image_epoch_11.png
Epoch: 11, Loss: 0.1499489344364288
Epoch: 12 ended, generating images...

Saved to ./output/generated_image_epoch_12.png
Epoch: 12, Loss: 0.14946970806694498
Epoch: 13 ended, generating images...

Saved to ./output/generated_image_epoch_13.png
Epoch: 13, Loss: 0.14910283266913657
Epoch: 14 ended, generating images...

Saved to ./output/generated_image_epoch_14.png
Epoch: 14, Loss: 0.14902375308321972
Epoch: 15 ended, generating images...

Saved to ./output/generated_image_epoch_15.png
Epoch: 15, Loss: 0.14831144459107343
Epoch: 16 ended, generating images...

Saved to ./output/generated_image_epoch_16.png
Epoch: 16, Loss: 0.1480593202014764
Epoch: 17 ended, generating images...

Saved to ./output/generated_image_epoch_17.png
Epoch: 17, Loss: 0.1476028995771034
Epoch: 18 ended, generating images...

Saved to ./output/generated_image_epoch_18.png
Epoch: 18, Loss: 0.14751568354812322
Epoch: 19 ended, generating images...

Saved to ./output/generated_image_epoch_19.png
Epoch: 19, Loss: 0.14671904918025522
Epoch: 20 ended, generating images...

Saved to ./output/generated_image_epoch_20.png
Epoch: 20, Loss: 0.1482356617555899
Epoch: 21 ended, generating images...

Saved to ./output/generated_image_epoch_21.png
Epoch: 21, Loss: 0.14681903582577613
Epoch: 22 ended, generating images...

Saved to ./output/generated_image_epoch_22.png
Epoch: 22, Loss: 0.146892658431156
Epoch: 23 ended, generating images...

Saved to ./output/generated_image_epoch_23.png
Epoch: 23, Loss: 0.14661589980709785
Epoch: 24 ended, generating images...

Saved to ./output/generated_image_epoch_24.png
Epoch: 24, Loss: 0.14612188514541177
Epoch: 25 ended, generating images...

Saved to ./output/generated_image_epoch_25.png
Epoch: 25, Loss: 0.14592007757986294
Epoch: 26 ended, generating images...

Saved to ./output/generated_image_epoch_26.png
Epoch: 26, Loss: 0.14611255159857225
Epoch: 27 ended, generating images...

Saved to ./output/generated_image_epoch_27.png
Epoch: 27, Loss: 0.14611667694122182
Epoch: 28 ended, generating images...

Saved to ./output/generated_image_epoch_28.png
Epoch: 28, Loss: 0.14586079050512873
Epoch: 29 ended, generating images...

Saved to ./output/generated_image_epoch_29.png
Epoch: 29, Loss: 0.14567114288608232
Epoch: 30 ended, generating images...

Saved to ./output/generated_image_epoch_30.png
Epoch: 30, Loss: 0.14611787258409986
Epoch: 31 ended, generating images...

Saved to ./output/generated_image_epoch_31.png
Epoch: 31, Loss: 0.14541715273962302
Epoch: 32 ended, generating images...

Saved to ./output/generated_image_epoch_32.png
Epoch: 32, Loss: 0.14549022480553273
Epoch: 33 ended, generating images...

Saved to ./output/generated_image_epoch_33.png
Epoch: 33, Loss: 0.14499608003625683
Epoch: 34 ended, generating images...

Saved to ./output/generated_image_epoch_34.png
Epoch: 34, Loss: 0.1454486267823799
Epoch: 35 ended, generating images...

Saved to ./output/generated_image_epoch_35.png
Epoch: 35, Loss: 0.14512271793449627
Epoch: 36 ended, generating images...

Saved to ./output/generated_image_epoch_36.png
Epoch: 36, Loss: 0.1453766522016011
Epoch: 37 ended, generating images...

Saved to ./output/generated_image_epoch_37.png
Epoch: 37, Loss: 0.14504866582505843
Epoch: 38 ended, generating images...

Saved to ./output/generated_image_epoch_38.png
Epoch: 38, Loss: 0.14520795083805627
Epoch: 39 ended, generating images...

Saved to ./output/generated_image_epoch_39.png
Epoch: 39, Loss: 0.145103329975231
Epoch: 40 ended, generating images...

Saved to ./output/generated_image_epoch_40.png
Epoch: 40, Loss: 0.14428847004093376
Epoch: 41 ended, generating images...

Saved to ./output/generated_image_epoch_41.png
Epoch: 41, Loss: 0.14447034005733098
Epoch: 42 ended, generating images...

Saved to ./output/generated_image_epoch_42.png
Epoch: 42, Loss: 0.14563308231094305
Epoch: 43 ended, generating images...

Saved to ./output/generated_image_epoch_43.png
Epoch: 43, Loss: 0.144315150044128
Epoch: 44 ended, generating images...

Saved to ./output/generated_image_epoch_44.png
Epoch: 44, Loss: 0.14440957227466153
Epoch: 45 ended, generating images...

Saved to ./output/generated_image_epoch_45.png
Epoch: 45, Loss: 0.1441246646730339
Epoch: 46 ended, generating images...

Saved to ./output/generated_image_epoch_46.png
Epoch: 46, Loss: 0.144198037508656
Epoch: 47 ended, generating images...

Saved to ./output/generated_image_epoch_47.png
Epoch: 47, Loss: 0.1445298840602239
Epoch: 48 ended, generating images...

Saved to ./output/generated_image_epoch_48.png
Epoch: 48, Loss: 0.14411007091403008
Epoch: 49 ended, generating images...

Saved to ./output/generated_image_epoch_49.png
Epoch: 49, Loss: 0.14373509284912372
Epoch: 50 ended, generating images...

Saved to ./output/generated_image_epoch_50.png
Epoch: 50, Loss: 0.1438479228639135
Epoch: 51 ended, generating images...

Saved to ./output/generated_image_epoch_51.png
Epoch: 51, Loss: 0.14349143196846925
Epoch: 52 ended, generating images...

Saved to ./output/generated_image_epoch_52.png
Epoch: 52, Loss: 0.143553277908587
Epoch: 53 ended, generating images...

Saved to ./output/generated_image_epoch_53.png
Epoch: 53, Loss: 0.1442659878701556
Epoch: 54 ended, generating images...

Saved to ./output/generated_image_epoch_54.png
Epoch: 54, Loss: 0.1437100273283089
Epoch: 55 ended, generating images...

Saved to ./output/generated_image_epoch_55.png
Epoch: 55, Loss: 0.14408469794719828
Epoch: 56 ended, generating images...

Saved to ./output/generated_image_epoch_56.png
Epoch: 56, Loss: 0.1436767445913717
Epoch: 57 ended, generating images...

Saved to ./output/generated_image_epoch_57.png
Epoch: 57, Loss: 0.14409616142511367
Epoch: 58 ended, generating images...

Saved to ./output/generated_image_epoch_58.png
Epoch: 58, Loss: 0.14318676937152358
Epoch: 59 ended, generating images...

Saved to ./output/generated_image_epoch_59.png
Epoch: 59, Loss: 0.1432388912959426
Epoch: 60 ended, generating images...

Saved to ./output/generated_image_epoch_60.png
Epoch: 60, Loss: 0.1437319088508101
Epoch: 61 ended, generating images...

Saved to ./output/generated_image_epoch_61.png
Epoch: 61, Loss: 0.1429844387898258
Epoch: 62 ended, generating images...

Saved to ./output/generated_image_epoch_62.png
Epoch: 62, Loss: 0.14331812325353716
Epoch: 63 ended, generating images...

Saved to ./output/generated_image_epoch_63.png
Epoch: 63, Loss: 0.14276243030440575
Epoch: 64 ended, generating images...

Saved to ./output/generated_image_epoch_64.png
Epoch: 64, Loss: 0.143572359400637
Epoch: 65 ended, generating images...

Saved to ./output/generated_image_epoch_65.png
Epoch: 65, Loss: 0.14279417277258985
Epoch: 66 ended, generating images...

Saved to ./output/generated_image_epoch_66.png
Epoch: 66, Loss: 0.14377025714984126
Epoch: 67 ended, generating images...

Saved to ./output/generated_image_epoch_67.png
Epoch: 67, Loss: 0.14311467305410142
Epoch: 68 ended, generating images...

Saved to ./output/generated_image_epoch_68.png
Epoch: 68, Loss: 0.14340062081521632
Epoch: 69 ended, generating images...

Saved to ./output/generated_image_epoch_69.png
Epoch: 69, Loss: 0.14311667026257982
Epoch: 70 ended, generating images...

Saved to ./output/generated_image_epoch_70.png
Epoch: 70, Loss: 0.14261433150546224
Epoch: 71 ended, generating images...

Saved to ./output/generated_image_epoch_71.png
Epoch: 71, Loss: 0.14325462753574053
Epoch: 72 ended, generating images...

Saved to ./output/generated_image_epoch_72.png
Epoch: 72, Loss: 0.14256821542101747
Epoch: 73 ended, generating images...

Saved to ./output/generated_image_epoch_73.png
Epoch: 73, Loss: 0.14361879679502226
Epoch: 74 ended, generating images...

Saved to ./output/generated_image_epoch_74.png
Epoch: 74, Loss: 0.14291887483468244
Epoch: 75 ended, generating images...

Saved to ./output/generated_image_epoch_75.png
Epoch: 75, Loss: 0.14239226103413338
Epoch: 76 ended, generating images...

Saved to ./output/generated_image_epoch_76.png
Epoch: 76, Loss: 0.1425530003566368
Epoch: 77 ended, generating images...

Saved to ./output/generated_image_epoch_77.png
Epoch: 77, Loss: 0.14272370297534792
Epoch: 78 ended, generating images...

Saved to ./output/generated_image_epoch_78.png
Epoch: 78, Loss: 0.14220723696783477
Epoch: 79 ended, generating images...

Saved to ./output/generated_image_epoch_79.png
Epoch: 79, Loss: 0.14237531931961284
Epoch: 80 ended, generating images...

Saved to ./output/generated_image_epoch_80.png
Epoch: 80, Loss: 0.1426120001019216
Epoch: 81 ended, generating images...

Saved to ./output/generated_image_epoch_81.png
Epoch: 81, Loss: 0.14246827720427047
Epoch: 82 ended, generating images...

Saved to ./output/generated_image_epoch_82.png
Epoch: 82, Loss: 0.14251563527128275
Epoch: 83 ended, generating images...

Saved to ./output/generated_image_epoch_83.png
Epoch: 83, Loss: 0.14279194586709434
Epoch: 84 ended, generating images...

Saved to ./output/generated_image_epoch_84.png
Epoch: 84, Loss: 0.14187773173930598
Epoch: 85 ended, generating images...

Saved to ./output/generated_image_epoch_85.png
Epoch: 85, Loss: 0.14215264821461604
Epoch: 86 ended, generating images...

Saved to ./output/generated_image_epoch_86.png
Epoch: 86, Loss: 0.14254687371499397
Epoch: 87 ended, generating images...

Saved to ./output/generated_image_epoch_87.png
Epoch: 87, Loss: 0.14263429871084643
Epoch: 88 ended, generating images...

Saved to ./output/generated_image_epoch_88.png
Epoch: 88, Loss: 0.14215490572592793
Epoch: 89 ended, generating images...

Saved to ./output/generated_image_epoch_89.png
Epoch: 89, Loss: 0.14203532078102524
Epoch: 90 ended, generating images...

Saved to ./output/generated_image_epoch_90.png
Epoch: 90, Loss: 0.1420089618248098
Epoch: 91 ended, generating images...

Saved to ./output/generated_image_epoch_91.png
Epoch: 91, Loss: 0.141336479929148
Epoch: 92 ended, generating images...

Saved to ./output/generated_image_epoch_92.png
Epoch: 92, Loss: 0.1421910044317152
Epoch: 93 ended, generating images...

Saved to ./output/generated_image_epoch_93.png
Epoch: 93, Loss: 0.1423858271948263
Epoch: 94 ended, generating images...

Saved to ./output/generated_image_epoch_94.png
Epoch: 94, Loss: 0.1425723264614741
Epoch: 95 ended, generating images...

Saved to ./output/generated_image_epoch_95.png
Epoch: 95, Loss: 0.14196458812437807
Epoch: 96 ended, generating images...

Saved to ./output/generated_image_epoch_96.png
Epoch: 96, Loss: 0.14256893321871758
Epoch: 97 ended, generating images...

Saved to ./output/generated_image_epoch_97.png
Epoch: 97, Loss: 0.14185889024360507
Epoch: 98 ended, generating images...

Saved to ./output/generated_image_epoch_98.png
Epoch: 98, Loss: 0.14222462941326347
Epoch: 99 ended, generating images...

Saved to ./output/generated_image_epoch_99.png
Epoch: 99, Loss: 0.142714803169171
Epoch: 100 ended, generating images...

Saved to ./output/generated_image_epoch_100.png
Epoch: 100, Loss: 0.1419646284889941

Saved to final_generated_images.png
